<?xml version="1.0" encoding="UTF-8"?>
<!-- Generated by org.testng.reporters.JUnitXMLReporter -->
<testsuite hostname="MacBook-Air.attlocal.net" ignored="1" name="Default test" tests="2" failures="0" timestamp="06 Jun 2019 17:20:35 GMT" time="5.701" errors="0">
  <testcase name="login" time="0.931" classname="com.TakeScreen.Task"/>
  <testcase name="EmployeeDetails" time="1.639" classname="com.TakeScreen.Task"/>
  <testcase name="AddEmployee" time="0.0" classname="com.TakeScreen.Task">
    <ignored/>
  </testcase> <!-- AddEmployee -->
</testsuite> <!-- Default test -->
